The system is: Linux - 5.4.0-42-generic - x86_64
Compiling the CXX compiler identification source file "CMakeCXXCompilerId.cpp" succeeded.
Compiler: /usr/bin/g++ 
Build flags: 
Id flags:  

The output was:
0


Compilation of the CXX compiler identification source "CMakeCXXCompilerId.cpp" produced "a.out"

The CXX compiler identification is GNU, found in "/mnt/wd_ubuntu_data_mnt/research/graph_store/build/CMakeFiles/3.14.0/CompilerIdCXX/a.out"

Determining if the CXX compiler works passed with the following output:
Change Dir: /mnt/wd_ubuntu_data_mnt/research/graph_store/build/CMakeFiles/CMakeTmp

Run Build Command(s):/usr/bin/make cmTC_45daa/fast 
/usr/bin/make -f CMakeFiles/cmTC_45daa.dir/build.make CMakeFiles/cmTC_45daa.dir/build
make[1]: Entering directory '/mnt/wd_ubuntu_data_mnt/research/graph_store/build/CMakeFiles/CMakeTmp'
Building CXX object CMakeFiles/cmTC_45daa.dir/testCXXCompiler.cxx.o
/usr/bin/g++     -o CMakeFiles/cmTC_45daa.dir/testCXXCompiler.cxx.o -c /mnt/wd_ubuntu_data_mnt/research/graph_store/build/CMakeFiles/CMakeTmp/testCXXCompiler.cxx
Linking CXX executable cmTC_45daa
/usr/local/bin/cmake -E cmake_link_script CMakeFiles/cmTC_45daa.dir/link.txt --verbose=1
/usr/bin/g++       CMakeFiles/cmTC_45daa.dir/testCXXCompiler.cxx.o  -o cmTC_45daa 
make[1]: Leaving directory '/mnt/wd_ubuntu_data_mnt/research/graph_store/build/CMakeFiles/CMakeTmp'


Detecting CXX compiler ABI info compiled with the following output:
Change Dir: /mnt/wd_ubuntu_data_mnt/research/graph_store/build/CMakeFiles/CMakeTmp

Run Build Command(s):/usr/bin/make cmTC_2ce45/fast 
/usr/bin/make -f CMakeFiles/cmTC_2ce45.dir/build.make CMakeFiles/cmTC_2ce45.dir/build
make[1]: Entering directory '/mnt/wd_ubuntu_data_mnt/research/graph_store/build/CMakeFiles/CMakeTmp'
Building CXX object CMakeFiles/cmTC_2ce45.dir/CMakeCXXCompilerABI.cpp.o
/usr/bin/g++    -v -o CMakeFiles/cmTC_2ce45.dir/CMakeCXXCompilerABI.cpp.o -c /usr/local/share/cmake-3.14/Modules/CMakeCXXCompilerABI.cpp
Using built-in specs.
COLLECT_GCC=/usr/bin/g++
Target: x86_64-linux-gnu
Configured with: ../gcc-9.3.0/configure -v --build=x86_64-linux-gnu --host=x86_64-linux-gnu --target=x86_64-linux-gnu --prefix=/usr/local/gcc-9.3.0 --enable-checking=release --enable-languages=c,c++,fortran --disable-multilib --program-suffix=-9.3
Thread model: posix
gcc version 9.3.0 (GCC) 
COLLECT_GCC_OPTIONS='-v' '-o' 'CMakeFiles/cmTC_2ce45.dir/CMakeCXXCompilerABI.cpp.o' '-c' '-shared-libgcc' '-mtune=generic' '-march=x86-64'
 /usr/local/gcc-9.3.0/libexec/gcc/x86_64-linux-gnu/9.3.0/cc1plus -quiet -v -imultiarch x86_64-linux-gnu -D_GNU_SOURCE /usr/local/share/cmake-3.14/Modules/CMakeCXXCompilerABI.cpp -quiet -dumpbase CMakeCXXCompilerABI.cpp -mtune=generic -march=x86-64 -auxbase-strip CMakeFiles/cmTC_2ce45.dir/CMakeCXXCompilerABI.cpp.o -version -o /tmp/ccKhL46Z.s
GNU C++14 (GCC) version 9.3.0 (x86_64-linux-gnu)
	compiled by GNU C version 9.3.0, GMP version 6.1.0, MPFR version 3.1.4, MPC version 1.0.3, isl version isl-0.18-GMP

GGC heuristics: --param ggc-min-expand=100 --param ggc-min-heapsize=131072
ignoring nonexistent directory "/usr/local/include/x86_64-linux-gnu"
ignoring nonexistent directory "/usr/local/gcc-9.3.0/lib/gcc/x86_64-linux-gnu/9.3.0/../../../../x86_64-linux-gnu/include"
#include "..." search starts here:
#include <...> search starts here:
 /usr/local/gcc-9.3.0/lib/gcc/x86_64-linux-gnu/9.3.0/../../../../include/c++/9.3.0
 /usr/local/gcc-9.3.0/lib/gcc/x86_64-linux-gnu/9.3.0/../../../../include/c++/9.3.0/x86_64-linux-gnu
 /usr/local/gcc-9.3.0/lib/gcc/x86_64-linux-gnu/9.3.0/../../../../include/c++/9.3.0/backward
 /usr/local/gcc-9.3.0/lib/gcc/x86_64-linux-gnu/9.3.0/include
 /usr/local/include
 /usr/local/gcc-9.3.0/include
 /usr/local/gcc-9.3.0/lib/gcc/x86_64-linux-gnu/9.3.0/include-fixed
 /usr/include/x86_64-linux-gnu
 /usr/include
End of search list.
GNU C++14 (GCC) version 9.3.0 (x86_64-linux-gnu)
	compiled by GNU C version 9.3.0, GMP version 6.1.0, MPFR version 3.1.4, MPC version 1.0.3, isl version isl-0.18-GMP

GGC heuristics: --param ggc-min-expand=100 --param ggc-min-heapsize=131072
Compiler executable checksum: 260290d269d06fba0a97b39d87dee2a5
COLLECT_GCC_OPTIONS='-v' '-o' 'CMakeFiles/cmTC_2ce45.dir/CMakeCXXCompilerABI.cpp.o' '-c' '-shared-libgcc' '-mtune=generic' '-march=x86-64'
 as -v --64 -o CMakeFiles/cmTC_2ce45.dir/CMakeCXXCompilerABI.cpp.o /tmp/ccKhL46Z.s
GNU assembler version 2.30 (x86_64-linux-gnu) using BFD version (GNU Binutils for Ubuntu) 2.30
COMPILER_PATH=/usr/local/gcc-9.3.0/libexec/gcc/x86_64-linux-gnu/9.3.0/:/usr/local/gcc-9.3.0/libexec/gcc/x86_64-linux-gnu/9.3.0/:/usr/local/gcc-9.3.0/libexec/gcc/x86_64-linux-gnu/:/usr/local/gcc-9.3.0/lib/gcc/x86_64-linux-gnu/9.3.0/:/usr/local/gcc-9.3.0/lib/gcc/x86_64-linux-gnu/
LIBRARY_PATH=/usr/local/gcc-9.3.0/lib/gcc/x86_64-linux-gnu/9.3.0/:/usr/local/gcc-9.3.0/lib/gcc/x86_64-linux-gnu/9.3.0/../../../../lib64/:/lib/x86_64-linux-gnu/:/lib/../lib64/:/usr/lib/x86_64-linux-gnu/:/usr/local/gcc-9.3.0/lib/gcc/x86_64-linux-gnu/9.3.0/../../../:/lib/:/usr/lib/
COLLECT_GCC_OPTIONS='-v' '-o' 'CMakeFiles/cmTC_2ce45.dir/CMakeCXXCompilerABI.cpp.o' '-c' '-shared-libgcc' '-mtune=generic' '-march=x86-64'
Linking CXX executable cmTC_2ce45
/usr/local/bin/cmake -E cmake_link_script CMakeFiles/cmTC_2ce45.dir/link.txt --verbose=1
/usr/bin/g++      -v CMakeFiles/cmTC_2ce45.dir/CMakeCXXCompilerABI.cpp.o  -o cmTC_2ce45 
Using built-in specs.
COLLECT_GCC=/usr/bin/g++
COLLECT_LTO_WRAPPER=/usr/local/gcc-9.3.0/libexec/gcc/x86_64-linux-gnu/9.3.0/lto-wrapper
Target: x86_64-linux-gnu
Configured with: ../gcc-9.3.0/configure -v --build=x86_64-linux-gnu --host=x86_64-linux-gnu --target=x86_64-linux-gnu --prefix=/usr/local/gcc-9.3.0 --enable-checking=release --enable-languages=c,c++,fortran --disable-multilib --program-suffix=-9.3
Thread model: posix
gcc version 9.3.0 (GCC) 
COMPILER_PATH=/usr/local/gcc-9.3.0/libexec/gcc/x86_64-linux-gnu/9.3.0/:/usr/local/gcc-9.3.0/libexec/gcc/x86_64-linux-gnu/9.3.0/:/usr/local/gcc-9.3.0/libexec/gcc/x86_64-linux-gnu/:/usr/local/gcc-9.3.0/lib/gcc/x86_64-linux-gnu/9.3.0/:/usr/local/gcc-9.3.0/lib/gcc/x86_64-linux-gnu/
LIBRARY_PATH=/usr/local/gcc-9.3.0/lib/gcc/x86_64-linux-gnu/9.3.0/:/usr/local/gcc-9.3.0/lib/gcc/x86_64-linux-gnu/9.3.0/../../../../lib64/:/lib/x86_64-linux-gnu/:/lib/../lib64/:/usr/lib/x86_64-linux-gnu/:/usr/local/gcc-9.3.0/lib/gcc/x86_64-linux-gnu/9.3.0/../../../:/lib/:/usr/lib/
COLLECT_GCC_OPTIONS='-v' '-o' 'cmTC_2ce45' '-shared-libgcc' '-mtune=generic' '-march=x86-64'
 /usr/local/gcc-9.3.0/libexec/gcc/x86_64-linux-gnu/9.3.0/collect2 -plugin /usr/local/gcc-9.3.0/libexec/gcc/x86_64-linux-gnu/9.3.0/liblto_plugin.so -plugin-opt=/usr/local/gcc-9.3.0/libexec/gcc/x86_64-linux-gnu/9.3.0/lto-wrapper -plugin-opt=-fresolution=/tmp/ccqy9yh5.res -plugin-opt=-pass-through=-lgcc_s -plugin-opt=-pass-through=-lgcc -plugin-opt=-pass-through=-lc -plugin-opt=-pass-through=-lgcc_s -plugin-opt=-pass-through=-lgcc --eh-frame-hdr -m elf_x86_64 -dynamic-linker /lib64/ld-linux-x86-64.so.2 -o cmTC_2ce45 /usr/lib/x86_64-linux-gnu/crt1.o /usr/lib/x86_64-linux-gnu/crti.o /usr/local/gcc-9.3.0/lib/gcc/x86_64-linux-gnu/9.3.0/crtbegin.o -L/usr/local/gcc-9.3.0/lib/gcc/x86_64-linux-gnu/9.3.0 -L/usr/local/gcc-9.3.0/lib/gcc/x86_64-linux-gnu/9.3.0/../../../../lib64 -L/lib/x86_64-linux-gnu -L/lib/../lib64 -L/usr/lib/x86_64-linux-gnu -L/usr/local/gcc-9.3.0/lib/gcc/x86_64-linux-gnu/9.3.0/../../.. CMakeFiles/cmTC_2ce45.dir/CMakeCXXCompilerABI.cpp.o -lstdc++ -lm -lgcc_s -lgcc -lc -lgcc_s -lgcc /usr/local/gcc-9.3.0/lib/gcc/x86_64-linux-gnu/9.3.0/crtend.o /usr/lib/x86_64-linux-gnu/crtn.o
COLLECT_GCC_OPTIONS='-v' '-o' 'cmTC_2ce45' '-shared-libgcc' '-mtune=generic' '-march=x86-64'
make[1]: Leaving directory '/mnt/wd_ubuntu_data_mnt/research/graph_store/build/CMakeFiles/CMakeTmp'


Parsed CXX implicit include dir info from above output: rv=done
  found start of include info
  found start of implicit include info
    add: [/usr/local/gcc-9.3.0/lib/gcc/x86_64-linux-gnu/9.3.0/../../../../include/c++/9.3.0]
    add: [/usr/local/gcc-9.3.0/lib/gcc/x86_64-linux-gnu/9.3.0/../../../../include/c++/9.3.0/x86_64-linux-gnu]
    add: [/usr/local/gcc-9.3.0/lib/gcc/x86_64-linux-gnu/9.3.0/../../../../include/c++/9.3.0/backward]
    add: [/usr/local/gcc-9.3.0/lib/gcc/x86_64-linux-gnu/9.3.0/include]
    add: [/usr/local/include]
    add: [/usr/local/gcc-9.3.0/include]
    add: [/usr/local/gcc-9.3.0/lib/gcc/x86_64-linux-gnu/9.3.0/include-fixed]
    add: [/usr/include/x86_64-linux-gnu]
    add: [/usr/include]
  end of search list found
  implicit include dirs: [/usr/local/gcc-9.3.0/lib/gcc/x86_64-linux-gnu/9.3.0/../../../../include/c++/9.3.0;/usr/local/gcc-9.3.0/lib/gcc/x86_64-linux-gnu/9.3.0/../../../../include/c++/9.3.0/x86_64-linux-gnu;/usr/local/gcc-9.3.0/lib/gcc/x86_64-linux-gnu/9.3.0/../../../../include/c++/9.3.0/backward;/usr/local/gcc-9.3.0/lib/gcc/x86_64-linux-gnu/9.3.0/include;/usr/local/include;/usr/local/gcc-9.3.0/include;/usr/local/gcc-9.3.0/lib/gcc/x86_64-linux-gnu/9.3.0/include-fixed;/usr/include/x86_64-linux-gnu;/usr/include]


Parsed CXX implicit link information from above output:
  link line regex: [^( *|.*[/\])(ld|CMAKE_LINK_STARTFILE-NOTFOUND|([^/\]+-)?ld|collect2)[^/\]*( |$)]
  ignore line: [Change Dir: /mnt/wd_ubuntu_data_mnt/research/graph_store/build/CMakeFiles/CMakeTmp]
  ignore line: []
  ignore line: [Run Build Command(s):/usr/bin/make cmTC_2ce45/fast ]
  ignore line: [/usr/bin/make -f CMakeFiles/cmTC_2ce45.dir/build.make CMakeFiles/cmTC_2ce45.dir/build]
  ignore line: [make[1]: Entering directory '/mnt/wd_ubuntu_data_mnt/research/graph_store/build/CMakeFiles/CMakeTmp']
  ignore line: [Building CXX object CMakeFiles/cmTC_2ce45.dir/CMakeCXXCompilerABI.cpp.o]
  ignore line: [/usr/bin/g++    -v -o CMakeFiles/cmTC_2ce45.dir/CMakeCXXCompilerABI.cpp.o -c /usr/local/share/cmake-3.14/Modules/CMakeCXXCompilerABI.cpp]
  ignore line: [Using built-in specs.]
  ignore line: [COLLECT_GCC=/usr/bin/g++]
  ignore line: [Target: x86_64-linux-gnu]
  ignore line: [Configured with: ../gcc-9.3.0/configure -v --build=x86_64-linux-gnu --host=x86_64-linux-gnu --target=x86_64-linux-gnu --prefix=/usr/local/gcc-9.3.0 --enable-checking=release --enable-languages=c,c++,fortran --disable-multilib --program-suffix=-9.3]
  ignore line: [Thread model: posix]
  ignore line: [gcc version 9.3.0 (GCC) ]
  ignore line: [COLLECT_GCC_OPTIONS='-v' '-o' 'CMakeFiles/cmTC_2ce45.dir/CMakeCXXCompilerABI.cpp.o' '-c' '-shared-libgcc' '-mtune=generic' '-march=x86-64']
  ignore line: [ /usr/local/gcc-9.3.0/libexec/gcc/x86_64-linux-gnu/9.3.0/cc1plus -quiet -v -imultiarch x86_64-linux-gnu -D_GNU_SOURCE /usr/local/share/cmake-3.14/Modules/CMakeCXXCompilerABI.cpp -quiet -dumpbase CMakeCXXCompilerABI.cpp -mtune=generic -march=x86-64 -auxbase-strip CMakeFiles/cmTC_2ce45.dir/CMakeCXXCompilerABI.cpp.o -version -o /tmp/ccKhL46Z.s]
  ignore line: [GNU C++14 (GCC) version 9.3.0 (x86_64-linux-gnu)]
  ignore line: [	compiled by GNU C version 9.3.0, GMP version 6.1.0, MPFR version 3.1.4, MPC version 1.0.3, isl version isl-0.18-GMP]
  ignore line: []
  ignore line: [GGC heuristics: --param ggc-min-expand=100 --param ggc-min-heapsize=131072]
  ignore line: [ignoring nonexistent directory "/usr/local/include/x86_64-linux-gnu"]
  ignore line: [ignoring nonexistent directory "/usr/local/gcc-9.3.0/lib/gcc/x86_64-linux-gnu/9.3.0/../../../../x86_64-linux-gnu/include"]
  ignore line: [#include "..." search starts here:]
  ignore line: [#include <...> search starts here:]
  ignore line: [ /usr/local/gcc-9.3.0/lib/gcc/x86_64-linux-gnu/9.3.0/../../../../include/c++/9.3.0]
  ignore line: [ /usr/local/gcc-9.3.0/lib/gcc/x86_64-linux-gnu/9.3.0/../../../../include/c++/9.3.0/x86_64-linux-gnu]
  ignore line: [ /usr/local/gcc-9.3.0/lib/gcc/x86_64-linux-gnu/9.3.0/../../../../include/c++/9.3.0/backward]
  ignore line: [ /usr/local/gcc-9.3.0/lib/gcc/x86_64-linux-gnu/9.3.0/include]
  ignore line: [ /usr/local/include]
  ignore line: [ /usr/local/gcc-9.3.0/include]
  ignore line: [ /usr/local/gcc-9.3.0/lib/gcc/x86_64-linux-gnu/9.3.0/include-fixed]
  ignore line: [ /usr/include/x86_64-linux-gnu]
  ignore line: [ /usr/include]
  ignore line: [End of search list.]
  ignore line: [GNU C++14 (GCC) version 9.3.0 (x86_64-linux-gnu)]
  ignore line: [	compiled by GNU C version 9.3.0, GMP version 6.1.0, MPFR version 3.1.4, MPC version 1.0.3, isl version isl-0.18-GMP]
  ignore line: []
  ignore line: [GGC heuristics: --param ggc-min-expand=100 --param ggc-min-heapsize=131072]
  ignore line: [Compiler executable checksum: 260290d269d06fba0a97b39d87dee2a5]
  ignore line: [COLLECT_GCC_OPTIONS='-v' '-o' 'CMakeFiles/cmTC_2ce45.dir/CMakeCXXCompilerABI.cpp.o' '-c' '-shared-libgcc' '-mtune=generic' '-march=x86-64']
  ignore line: [ as -v --64 -o CMakeFiles/cmTC_2ce45.dir/CMakeCXXCompilerABI.cpp.o /tmp/ccKhL46Z.s]
  ignore line: [GNU assembler version 2.30 (x86_64-linux-gnu) using BFD version (GNU Binutils for Ubuntu) 2.30]
  ignore line: [COMPILER_PATH=/usr/local/gcc-9.3.0/libexec/gcc/x86_64-linux-gnu/9.3.0/:/usr/local/gcc-9.3.0/libexec/gcc/x86_64-linux-gnu/9.3.0/:/usr/local/gcc-9.3.0/libexec/gcc/x86_64-linux-gnu/:/usr/local/gcc-9.3.0/lib/gcc/x86_64-linux-gnu/9.3.0/:/usr/local/gcc-9.3.0/lib/gcc/x86_64-linux-gnu/]
  ignore line: [LIBRARY_PATH=/usr/local/gcc-9.3.0/lib/gcc/x86_64-linux-gnu/9.3.0/:/usr/local/gcc-9.3.0/lib/gcc/x86_64-linux-gnu/9.3.0/../../../../lib64/:/lib/x86_64-linux-gnu/:/lib/../lib64/:/usr/lib/x86_64-linux-gnu/:/usr/local/gcc-9.3.0/lib/gcc/x86_64-linux-gnu/9.3.0/../../../:/lib/:/usr/lib/]
  ignore line: [COLLECT_GCC_OPTIONS='-v' '-o' 'CMakeFiles/cmTC_2ce45.dir/CMakeCXXCompilerABI.cpp.o' '-c' '-shared-libgcc' '-mtune=generic' '-march=x86-64']
  ignore line: [Linking CXX executable cmTC_2ce45]
  ignore line: [/usr/local/bin/cmake -E cmake_link_script CMakeFiles/cmTC_2ce45.dir/link.txt --verbose=1]
  ignore line: [/usr/bin/g++      -v CMakeFiles/cmTC_2ce45.dir/CMakeCXXCompilerABI.cpp.o  -o cmTC_2ce45 ]
  ignore line: [Using built-in specs.]
  ignore line: [COLLECT_GCC=/usr/bin/g++]
  ignore line: [COLLECT_LTO_WRAPPER=/usr/local/gcc-9.3.0/libexec/gcc/x86_64-linux-gnu/9.3.0/lto-wrapper]
  ignore line: [Target: x86_64-linux-gnu]
  ignore line: [Configured with: ../gcc-9.3.0/configure -v --build=x86_64-linux-gnu --host=x86_64-linux-gnu --target=x86_64-linux-gnu --prefix=/usr/local/gcc-9.3.0 --enable-checking=release --enable-languages=c,c++,fortran --disable-multilib --program-suffix=-9.3]
  ignore line: [Thread model: posix]
  ignore line: [gcc version 9.3.0 (GCC) ]
  ignore line: [COMPILER_PATH=/usr/local/gcc-9.3.0/libexec/gcc/x86_64-linux-gnu/9.3.0/:/usr/local/gcc-9.3.0/libexec/gcc/x86_64-linux-gnu/9.3.0/:/usr/local/gcc-9.3.0/libexec/gcc/x86_64-linux-gnu/:/usr/local/gcc-9.3.0/lib/gcc/x86_64-linux-gnu/9.3.0/:/usr/local/gcc-9.3.0/lib/gcc/x86_64-linux-gnu/]
  ignore line: [LIBRARY_PATH=/usr/local/gcc-9.3.0/lib/gcc/x86_64-linux-gnu/9.3.0/:/usr/local/gcc-9.3.0/lib/gcc/x86_64-linux-gnu/9.3.0/../../../../lib64/:/lib/x86_64-linux-gnu/:/lib/../lib64/:/usr/lib/x86_64-linux-gnu/:/usr/local/gcc-9.3.0/lib/gcc/x86_64-linux-gnu/9.3.0/../../../:/lib/:/usr/lib/]
  ignore line: [COLLECT_GCC_OPTIONS='-v' '-o' 'cmTC_2ce45' '-shared-libgcc' '-mtune=generic' '-march=x86-64']
  link line: [ /usr/local/gcc-9.3.0/libexec/gcc/x86_64-linux-gnu/9.3.0/collect2 -plugin /usr/local/gcc-9.3.0/libexec/gcc/x86_64-linux-gnu/9.3.0/liblto_plugin.so -plugin-opt=/usr/local/gcc-9.3.0/libexec/gcc/x86_64-linux-gnu/9.3.0/lto-wrapper -plugin-opt=-fresolution=/tmp/ccqy9yh5.res -plugin-opt=-pass-through=-lgcc_s -plugin-opt=-pass-through=-lgcc -plugin-opt=-pass-through=-lc -plugin-opt=-pass-through=-lgcc_s -plugin-opt=-pass-through=-lgcc --eh-frame-hdr -m elf_x86_64 -dynamic-linker /lib64/ld-linux-x86-64.so.2 -o cmTC_2ce45 /usr/lib/x86_64-linux-gnu/crt1.o /usr/lib/x86_64-linux-gnu/crti.o /usr/local/gcc-9.3.0/lib/gcc/x86_64-linux-gnu/9.3.0/crtbegin.o -L/usr/local/gcc-9.3.0/lib/gcc/x86_64-linux-gnu/9.3.0 -L/usr/local/gcc-9.3.0/lib/gcc/x86_64-linux-gnu/9.3.0/../../../../lib64 -L/lib/x86_64-linux-gnu -L/lib/../lib64 -L/usr/lib/x86_64-linux-gnu -L/usr/local/gcc-9.3.0/lib/gcc/x86_64-linux-gnu/9.3.0/../../.. CMakeFiles/cmTC_2ce45.dir/CMakeCXXCompilerABI.cpp.o -lstdc++ -lm -lgcc_s -lgcc -lc -lgcc_s -lgcc /usr/local/gcc-9.3.0/lib/gcc/x86_64-linux-gnu/9.3.0/crtend.o /usr/lib/x86_64-linux-gnu/crtn.o]
    arg [/usr/local/gcc-9.3.0/libexec/gcc/x86_64-linux-gnu/9.3.0/collect2] ==> ignore
    arg [-plugin] ==> ignore
    arg [/usr/local/gcc-9.3.0/libexec/gcc/x86_64-linux-gnu/9.3.0/liblto_plugin.so] ==> ignore
    arg [-plugin-opt=/usr/local/gcc-9.3.0/libexec/gcc/x86_64-linux-gnu/9.3.0/lto-wrapper] ==> ignore
    arg [-plugin-opt=-fresolution=/tmp/ccqy9yh5.res] ==> ignore
    arg [-plugin-opt=-pass-through=-lgcc_s] ==> ignore
    arg [-plugin-opt=-pass-through=-lgcc] ==> ignore
    arg [-plugin-opt=-pass-through=-lc] ==> ignore
    arg [-plugin-opt=-pass-through=-lgcc_s] ==> ignore
    arg [-plugin-opt=-pass-through=-lgcc] ==> ignore
    arg [--eh-frame-hdr] ==> ignore
    arg [-m] ==> ignore
    arg [elf_x86_64] ==> ignore
    arg [-dynamic-linker] ==> ignore
    arg [/lib64/ld-linux-x86-64.so.2] ==> ignore
    arg [-o] ==> ignore
    arg [cmTC_2ce45] ==> ignore
    arg [/usr/lib/x86_64-linux-gnu/crt1.o] ==> ignore
    arg [/usr/lib/x86_64-linux-gnu/crti.o] ==> ignore
    arg [/usr/local/gcc-9.3.0/lib/gcc/x86_64-linux-gnu/9.3.0/crtbegin.o] ==> ignore
    arg [-L/usr/local/gcc-9.3.0/lib/gcc/x86_64-linux-gnu/9.3.0] ==> dir [/usr/local/gcc-9.3.0/lib/gcc/x86_64-linux-gnu/9.3.0]
    arg [-L/usr/local/gcc-9.3.0/lib/gcc/x86_64-linux-gnu/9.3.0/../../../../lib64] ==> dir [/usr/local/gcc-9.3.0/lib/gcc/x86_64-linux-gnu/9.3.0/../../../../lib64]
    arg [-L/lib/x86_64-linux-gnu] ==> dir [/lib/x86_64-linux-gnu]
    arg [-L/lib/../lib64] ==> dir [/lib/../lib64]
    arg [-L/usr/lib/x86_64-linux-gnu] ==> dir [/usr/lib/x86_64-linux-gnu]
    arg [-L/usr/local/gcc-9.3.0/lib/gcc/x86_64-linux-gnu/9.3.0/../../..] ==> dir [/usr/local/gcc-9.3.0/lib/gcc/x86_64-linux-gnu/9.3.0/../../..]
    arg [CMakeFiles/cmTC_2ce45.dir/CMakeCXXCompilerABI.cpp.o] ==> ignore
    arg [-lstdc++] ==> lib [stdc++]
    arg [-lm] ==> lib [m]
    arg [-lgcc_s] ==> lib [gcc_s]
    arg [-lgcc] ==> lib [gcc]
    arg [-lc] ==> lib [c]
    arg [-lgcc_s] ==> lib [gcc_s]
    arg [-lgcc] ==> lib [gcc]
    arg [/usr/local/gcc-9.3.0/lib/gcc/x86_64-linux-gnu/9.3.0/crtend.o] ==> ignore
    arg [/usr/lib/x86_64-linux-gnu/crtn.o] ==> ignore
  collapse library dir [/usr/local/gcc-9.3.0/lib/gcc/x86_64-linux-gnu/9.3.0] ==> [/usr/local/gcc-9.3.0/lib/gcc/x86_64-linux-gnu/9.3.0]
  collapse library dir [/usr/local/gcc-9.3.0/lib/gcc/x86_64-linux-gnu/9.3.0/../../../../lib64] ==> [/usr/local/gcc-9.3.0/lib64]
  collapse library dir [/lib/x86_64-linux-gnu] ==> [/lib/x86_64-linux-gnu]
  collapse library dir [/lib/../lib64] ==> [/lib64]
  collapse library dir [/usr/lib/x86_64-linux-gnu] ==> [/usr/lib/x86_64-linux-gnu]
  collapse library dir [/usr/local/gcc-9.3.0/lib/gcc/x86_64-linux-gnu/9.3.0/../../..] ==> [/usr/local/gcc-9.3.0/lib]
  implicit libs: [stdc++;m;gcc_s;gcc;c;gcc_s;gcc]
  implicit dirs: [/usr/local/gcc-9.3.0/lib/gcc/x86_64-linux-gnu/9.3.0;/usr/local/gcc-9.3.0/lib64;/lib/x86_64-linux-gnu;/lib64;/usr/lib/x86_64-linux-gnu;/usr/local/gcc-9.3.0/lib]
  implicit fwks: []




Detecting CXX [-std=c++2a] compiler features compiled with the following output:
Change Dir: /mnt/wd_ubuntu_data_mnt/research/graph_store/build/CMakeFiles/CMakeTmp

Run Build Command(s):/usr/bin/make cmTC_014f7/fast 
/usr/bin/make -f CMakeFiles/cmTC_014f7.dir/build.make CMakeFiles/cmTC_014f7.dir/build
make[1]: Entering directory '/mnt/wd_ubuntu_data_mnt/research/graph_store/build/CMakeFiles/CMakeTmp'
Building CXX object CMakeFiles/cmTC_014f7.dir/feature_tests.cxx.o
/usr/bin/g++    -std=c++2a -o CMakeFiles/cmTC_014f7.dir/feature_tests.cxx.o -c /mnt/wd_ubuntu_data_mnt/research/graph_store/build/CMakeFiles/feature_tests.cxx
Linking CXX executable cmTC_014f7
/usr/local/bin/cmake -E cmake_link_script CMakeFiles/cmTC_014f7.dir/link.txt --verbose=1
/usr/bin/g++       CMakeFiles/cmTC_014f7.dir/feature_tests.cxx.o  -o cmTC_014f7 
make[1]: Leaving directory '/mnt/wd_ubuntu_data_mnt/research/graph_store/build/CMakeFiles/CMakeTmp'


    Feature record: CXX_FEATURE:1cxx_aggregate_default_initializers
    Feature record: CXX_FEATURE:1cxx_alias_templates
    Feature record: CXX_FEATURE:1cxx_alignas
    Feature record: CXX_FEATURE:1cxx_alignof
    Feature record: CXX_FEATURE:1cxx_attributes
    Feature record: CXX_FEATURE:1cxx_attribute_deprecated
    Feature record: CXX_FEATURE:1cxx_auto_type
    Feature record: CXX_FEATURE:1cxx_binary_literals
    Feature record: CXX_FEATURE:1cxx_constexpr
    Feature record: CXX_FEATURE:1cxx_contextual_conversions
    Feature record: CXX_FEATURE:1cxx_decltype
    Feature record: CXX_FEATURE:1cxx_decltype_auto
    Feature record: CXX_FEATURE:1cxx_decltype_incomplete_return_types
    Feature record: CXX_FEATURE:1cxx_default_function_template_args
    Feature record: CXX_FEATURE:1cxx_defaulted_functions
    Feature record: CXX_FEATURE:1cxx_defaulted_move_initializers
    Feature record: CXX_FEATURE:1cxx_delegating_constructors
    Feature record: CXX_FEATURE:1cxx_deleted_functions
    Feature record: CXX_FEATURE:1cxx_digit_separators
    Feature record: CXX_FEATURE:1cxx_enum_forward_declarations
    Feature record: CXX_FEATURE:1cxx_explicit_conversions
    Feature record: CXX_FEATURE:1cxx_extended_friend_declarations
    Feature record: CXX_FEATURE:1cxx_extern_templates
    Feature record: CXX_FEATURE:1cxx_final
    Feature record: CXX_FEATURE:1cxx_func_identifier
    Feature record: CXX_FEATURE:1cxx_generalized_initializers
    Feature record: CXX_FEATURE:1cxx_generic_lambdas
    Feature record: CXX_FEATURE:1cxx_inheriting_constructors
    Feature record: CXX_FEATURE:1cxx_inline_namespaces
    Feature record: CXX_FEATURE:1cxx_lambdas
    Feature record: CXX_FEATURE:1cxx_lambda_init_captures
    Feature record: CXX_FEATURE:1cxx_local_type_template_args
    Feature record: CXX_FEATURE:1cxx_long_long_type
    Feature record: CXX_FEATURE:1cxx_noexcept
    Feature record: CXX_FEATURE:1cxx_nonstatic_member_init
    Feature record: CXX_FEATURE:1cxx_nullptr
    Feature record: CXX_FEATURE:1cxx_override
    Feature record: CXX_FEATURE:1cxx_range_for
    Feature record: CXX_FEATURE:1cxx_raw_string_literals
    Feature record: CXX_FEATURE:1cxx_reference_qualified_functions
    Feature record: CXX_FEATURE:1cxx_relaxed_constexpr
    Feature record: CXX_FEATURE:1cxx_return_type_deduction
    Feature record: CXX_FEATURE:1cxx_right_angle_brackets
    Feature record: CXX_FEATURE:1cxx_rvalue_references
    Feature record: CXX_FEATURE:1cxx_sizeof_member
    Feature record: CXX_FEATURE:1cxx_static_assert
    Feature record: CXX_FEATURE:1cxx_strong_enums
    Feature record: CXX_FEATURE:1cxx_template_template_parameters
    Feature record: CXX_FEATURE:1cxx_thread_local
    Feature record: CXX_FEATURE:1cxx_trailing_return_types
    Feature record: CXX_FEATURE:1cxx_unicode_literals
    Feature record: CXX_FEATURE:1cxx_uniform_initialization
    Feature record: CXX_FEATURE:1cxx_unrestricted_unions
    Feature record: CXX_FEATURE:1cxx_user_literals
    Feature record: CXX_FEATURE:1cxx_variable_templates
    Feature record: CXX_FEATURE:1cxx_variadic_macros
    Feature record: CXX_FEATURE:1cxx_variadic_templates


Detecting CXX [-std=c++17] compiler features compiled with the following output:
Change Dir: /mnt/wd_ubuntu_data_mnt/research/graph_store/build/CMakeFiles/CMakeTmp

Run Build Command(s):/usr/bin/make cmTC_ce89e/fast 
/usr/bin/make -f CMakeFiles/cmTC_ce89e.dir/build.make CMakeFiles/cmTC_ce89e.dir/build
make[1]: Entering directory '/mnt/wd_ubuntu_data_mnt/research/graph_store/build/CMakeFiles/CMakeTmp'
Building CXX object CMakeFiles/cmTC_ce89e.dir/feature_tests.cxx.o
/usr/bin/g++    -std=c++17 -o CMakeFiles/cmTC_ce89e.dir/feature_tests.cxx.o -c /mnt/wd_ubuntu_data_mnt/research/graph_store/build/CMakeFiles/feature_tests.cxx
Linking CXX executable cmTC_ce89e
/usr/local/bin/cmake -E cmake_link_script CMakeFiles/cmTC_ce89e.dir/link.txt --verbose=1
/usr/bin/g++       CMakeFiles/cmTC_ce89e.dir/feature_tests.cxx.o  -o cmTC_ce89e 
make[1]: Leaving directory '/mnt/wd_ubuntu_data_mnt/research/graph_store/build/CMakeFiles/CMakeTmp'


    Feature record: CXX_FEATURE:1cxx_aggregate_default_initializers
    Feature record: CXX_FEATURE:1cxx_alias_templates
    Feature record: CXX_FEATURE:1cxx_alignas
    Feature record: CXX_FEATURE:1cxx_alignof
    Feature record: CXX_FEATURE:1cxx_attributes
    Feature record: CXX_FEATURE:1cxx_attribute_deprecated
    Feature record: CXX_FEATURE:1cxx_auto_type
    Feature record: CXX_FEATURE:1cxx_binary_literals
    Feature record: CXX_FEATURE:1cxx_constexpr
    Feature record: CXX_FEATURE:1cxx_contextual_conversions
    Feature record: CXX_FEATURE:1cxx_decltype
    Feature record: CXX_FEATURE:1cxx_decltype_auto
    Feature record: CXX_FEATURE:1cxx_decltype_incomplete_return_types
    Feature record: CXX_FEATURE:1cxx_default_function_template_args
    Feature record: CXX_FEATURE:1cxx_defaulted_functions
    Feature record: CXX_FEATURE:1cxx_defaulted_move_initializers
    Feature record: CXX_FEATURE:1cxx_delegating_constructors
    Feature record: CXX_FEATURE:1cxx_deleted_functions
    Feature record: CXX_FEATURE:1cxx_digit_separators
    Feature record: CXX_FEATURE:1cxx_enum_forward_declarations
    Feature record: CXX_FEATURE:1cxx_explicit_conversions
    Feature record: CXX_FEATURE:1cxx_extended_friend_declarations
    Feature record: CXX_FEATURE:1cxx_extern_templates
    Feature record: CXX_FEATURE:1cxx_final
    Feature record: CXX_FEATURE:1cxx_func_identifier
    Feature record: CXX_FEATURE:1cxx_generalized_initializers
    Feature record: CXX_FEATURE:1cxx_generic_lambdas
    Feature record: CXX_FEATURE:1cxx_inheriting_constructors
    Feature record: CXX_FEATURE:1cxx_inline_namespaces
    Feature record: CXX_FEATURE:1cxx_lambdas
    Feature record: CXX_FEATURE:1cxx_lambda_init_captures
    Feature record: CXX_FEATURE:1cxx_local_type_template_args
    Feature record: CXX_FEATURE:1cxx_long_long_type
    Feature record: CXX_FEATURE:1cxx_noexcept
    Feature record: CXX_FEATURE:1cxx_nonstatic_member_init
    Feature record: CXX_FEATURE:1cxx_nullptr
    Feature record: CXX_FEATURE:1cxx_override
    Feature record: CXX_FEATURE:1cxx_range_for
    Feature record: CXX_FEATURE:1cxx_raw_string_literals
    Feature record: CXX_FEATURE:1cxx_reference_qualified_functions
    Feature record: CXX_FEATURE:1cxx_relaxed_constexpr
    Feature record: CXX_FEATURE:1cxx_return_type_deduction
    Feature record: CXX_FEATURE:1cxx_right_angle_brackets
    Feature record: CXX_FEATURE:1cxx_rvalue_references
    Feature record: CXX_FEATURE:1cxx_sizeof_member
    Feature record: CXX_FEATURE:1cxx_static_assert
    Feature record: CXX_FEATURE:1cxx_strong_enums
    Feature record: CXX_FEATURE:1cxx_template_template_parameters
    Feature record: CXX_FEATURE:1cxx_thread_local
    Feature record: CXX_FEATURE:1cxx_trailing_return_types
    Feature record: CXX_FEATURE:1cxx_unicode_literals
    Feature record: CXX_FEATURE:1cxx_uniform_initialization
    Feature record: CXX_FEATURE:1cxx_unrestricted_unions
    Feature record: CXX_FEATURE:1cxx_user_literals
    Feature record: CXX_FEATURE:1cxx_variable_templates
    Feature record: CXX_FEATURE:1cxx_variadic_macros
    Feature record: CXX_FEATURE:1cxx_variadic_templates


Detecting CXX [-std=c++14] compiler features compiled with the following output:
Change Dir: /mnt/wd_ubuntu_data_mnt/research/graph_store/build/CMakeFiles/CMakeTmp

Run Build Command(s):/usr/bin/make cmTC_6acf0/fast 
/usr/bin/make -f CMakeFiles/cmTC_6acf0.dir/build.make CMakeFiles/cmTC_6acf0.dir/build
make[1]: Entering directory '/mnt/wd_ubuntu_data_mnt/research/graph_store/build/CMakeFiles/CMakeTmp'
Building CXX object CMakeFiles/cmTC_6acf0.dir/feature_tests.cxx.o
/usr/bin/g++    -std=c++14 -o CMakeFiles/cmTC_6acf0.dir/feature_tests.cxx.o -c /mnt/wd_ubuntu_data_mnt/research/graph_store/build/CMakeFiles/feature_tests.cxx
Linking CXX executable cmTC_6acf0
/usr/local/bin/cmake -E cmake_link_script CMakeFiles/cmTC_6acf0.dir/link.txt --verbose=1
/usr/bin/g++       CMakeFiles/cmTC_6acf0.dir/feature_tests.cxx.o  -o cmTC_6acf0 
make[1]: Leaving directory '/mnt/wd_ubuntu_data_mnt/research/graph_store/build/CMakeFiles/CMakeTmp'


    Feature record: CXX_FEATURE:1cxx_aggregate_default_initializers
    Feature record: CXX_FEATURE:1cxx_alias_templates
    Feature record: CXX_FEATURE:1cxx_alignas
    Feature record: CXX_FEATURE:1cxx_alignof
    Feature record: CXX_FEATURE:1cxx_attributes
    Feature record: CXX_FEATURE:1cxx_attribute_deprecated
    Feature record: CXX_FEATURE:1cxx_auto_type
    Feature record: CXX_FEATURE:1cxx_binary_literals
    Feature record: CXX_FEATURE:1cxx_constexpr
    Feature record: CXX_FEATURE:1cxx_contextual_conversions
    Feature record: CXX_FEATURE:1cxx_decltype
    Feature record: CXX_FEATURE:1cxx_decltype_auto
    Feature record: CXX_FEATURE:1cxx_decltype_incomplete_return_types
    Feature record: CXX_FEATURE:1cxx_default_function_template_args
    Feature record: CXX_FEATURE:1cxx_defaulted_functions
    Feature record: CXX_FEATURE:1cxx_defaulted_move_initializers
    Feature record: CXX_FEATURE:1cxx_delegating_constructors
    Feature record: CXX_FEATURE:1cxx_deleted_functions
    Feature record: CXX_FEATURE:1cxx_digit_separators
    Feature record: CXX_FEATURE:1cxx_enum_forward_declarations
    Feature record: CXX_FEATURE:1cxx_explicit_conversions
    Feature record: CXX_FEATURE:1cxx_extended_friend_declarations
    Feature record: CXX_FEATURE:1cxx_extern_templates
    Feature record: CXX_FEATURE:1cxx_final
    Feature record: CXX_FEATURE:1cxx_func_identifier
    Feature record: CXX_FEATURE:1cxx_generalized_initializers
    Feature record: CXX_FEATURE:1cxx_generic_lambdas
    Feature record: CXX_FEATURE:1cxx_inheriting_constructors
    Feature record: CXX_FEATURE:1cxx_inline_namespaces
    Feature record: CXX_FEATURE:1cxx_lambdas
    Feature record: CXX_FEATURE:1cxx_lambda_init_captures
    Feature record: CXX_FEATURE:1cxx_local_type_template_args
    Feature record: CXX_FEATURE:1cxx_long_long_type
    Feature record: CXX_FEATURE:1cxx_noexcept
    Feature record: CXX_FEATURE:1cxx_nonstatic_member_init
    Feature record: CXX_FEATURE:1cxx_nullptr
    Feature record: CXX_FEATURE:1cxx_override
    Feature record: CXX_FEATURE:1cxx_range_for
    Feature record: CXX_FEATURE:1cxx_raw_string_literals
    Feature record: CXX_FEATURE:1cxx_reference_qualified_functions
    Feature record: CXX_FEATURE:1cxx_relaxed_constexpr
    Feature record: CXX_FEATURE:1cxx_return_type_deduction
    Feature record: CXX_FEATURE:1cxx_right_angle_brackets
    Feature record: CXX_FEATURE:1cxx_rvalue_references
    Feature record: CXX_FEATURE:1cxx_sizeof_member
    Feature record: CXX_FEATURE:1cxx_static_assert
    Feature record: CXX_FEATURE:1cxx_strong_enums
    Feature record: CXX_FEATURE:1cxx_template_template_parameters
    Feature record: CXX_FEATURE:1cxx_thread_local
    Feature record: CXX_FEATURE:1cxx_trailing_return_types
    Feature record: CXX_FEATURE:1cxx_unicode_literals
    Feature record: CXX_FEATURE:1cxx_uniform_initialization
    Feature record: CXX_FEATURE:1cxx_unrestricted_unions
    Feature record: CXX_FEATURE:1cxx_user_literals
    Feature record: CXX_FEATURE:1cxx_variable_templates
    Feature record: CXX_FEATURE:1cxx_variadic_macros
    Feature record: CXX_FEATURE:1cxx_variadic_templates


Detecting CXX [-std=c++11] compiler features compiled with the following output:
Change Dir: /mnt/wd_ubuntu_data_mnt/research/graph_store/build/CMakeFiles/CMakeTmp

Run Build Command(s):/usr/bin/make cmTC_51066/fast 
/usr/bin/make -f CMakeFiles/cmTC_51066.dir/build.make CMakeFiles/cmTC_51066.dir/build
make[1]: Entering directory '/mnt/wd_ubuntu_data_mnt/research/graph_store/build/CMakeFiles/CMakeTmp'
Building CXX object CMakeFiles/cmTC_51066.dir/feature_tests.cxx.o
/usr/bin/g++    -std=c++11 -o CMakeFiles/cmTC_51066.dir/feature_tests.cxx.o -c /mnt/wd_ubuntu_data_mnt/research/graph_store/build/CMakeFiles/feature_tests.cxx
Linking CXX executable cmTC_51066
/usr/local/bin/cmake -E cmake_link_script CMakeFiles/cmTC_51066.dir/link.txt --verbose=1
/usr/bin/g++       CMakeFiles/cmTC_51066.dir/feature_tests.cxx.o  -o cmTC_51066 
make[1]: Leaving directory '/mnt/wd_ubuntu_data_mnt/research/graph_store/build/CMakeFiles/CMakeTmp'


    Feature record: CXX_FEATURE:0cxx_aggregate_default_initializers
    Feature record: CXX_FEATURE:1cxx_alias_templates
    Feature record: CXX_FEATURE:1cxx_alignas
    Feature record: CXX_FEATURE:1cxx_alignof
    Feature record: CXX_FEATURE:1cxx_attributes
    Feature record: CXX_FEATURE:0cxx_attribute_deprecated
    Feature record: CXX_FEATURE:1cxx_auto_type
    Feature record: CXX_FEATURE:0cxx_binary_literals
    Feature record: CXX_FEATURE:1cxx_constexpr
    Feature record: CXX_FEATURE:0cxx_contextual_conversions
    Feature record: CXX_FEATURE:1cxx_decltype
    Feature record: CXX_FEATURE:0cxx_decltype_auto
    Feature record: CXX_FEATURE:1cxx_decltype_incomplete_return_types
    Feature record: CXX_FEATURE:1cxx_default_function_template_args
    Feature record: CXX_FEATURE:1cxx_defaulted_functions
    Feature record: CXX_FEATURE:1cxx_defaulted_move_initializers
    Feature record: CXX_FEATURE:1cxx_delegating_constructors
    Feature record: CXX_FEATURE:1cxx_deleted_functions
    Feature record: CXX_FEATURE:0cxx_digit_separators
    Feature record: CXX_FEATURE:1cxx_enum_forward_declarations
    Feature record: CXX_FEATURE:1cxx_explicit_conversions
    Feature record: CXX_FEATURE:1cxx_extended_friend_declarations
    Feature record: CXX_FEATURE:1cxx_extern_templates
    Feature record: CXX_FEATURE:1cxx_final
    Feature record: CXX_FEATURE:1cxx_func_identifier
    Feature record: CXX_FEATURE:1cxx_generalized_initializers
    Feature record: CXX_FEATURE:0cxx_generic_lambdas
    Feature record: CXX_FEATURE:1cxx_inheriting_constructors
    Feature record: CXX_FEATURE:1cxx_inline_namespaces
    Feature record: CXX_FEATURE:1cxx_lambdas
    Feature record: CXX_FEATURE:0cxx_lambda_init_captures
    Feature record: CXX_FEATURE:1cxx_local_type_template_args
    Feature record: CXX_FEATURE:1cxx_long_long_type
    Feature record: CXX_FEATURE:1cxx_noexcept
    Feature record: CXX_FEATURE:1cxx_nonstatic_member_init
    Feature record: CXX_FEATURE:1cxx_nullptr
    Feature record: CXX_FEATURE:1cxx_override
    Feature record: CXX_FEATURE:1cxx_range_for
    Feature record: CXX_FEATURE:1cxx_raw_string_literals
    Feature record: CXX_FEATURE:1cxx_reference_qualified_functions
    Feature record: CXX_FEATURE:0cxx_relaxed_constexpr
    Feature record: CXX_FEATURE:0cxx_return_type_deduction
    Feature record: CXX_FEATURE:1cxx_right_angle_brackets
    Feature record: CXX_FEATURE:1cxx_rvalue_references
    Feature record: CXX_FEATURE:1cxx_sizeof_member
    Feature record: CXX_FEATURE:1cxx_static_assert
    Feature record: CXX_FEATURE:1cxx_strong_enums
    Feature record: CXX_FEATURE:1cxx_template_template_parameters
    Feature record: CXX_FEATURE:1cxx_thread_local
    Feature record: CXX_FEATURE:1cxx_trailing_return_types
    Feature record: CXX_FEATURE:1cxx_unicode_literals
    Feature record: CXX_FEATURE:1cxx_uniform_initialization
    Feature record: CXX_FEATURE:1cxx_unrestricted_unions
    Feature record: CXX_FEATURE:1cxx_user_literals
    Feature record: CXX_FEATURE:0cxx_variable_templates
    Feature record: CXX_FEATURE:1cxx_variadic_macros
    Feature record: CXX_FEATURE:1cxx_variadic_templates


Detecting CXX [-std=c++98] compiler features compiled with the following output:
Change Dir: /mnt/wd_ubuntu_data_mnt/research/graph_store/build/CMakeFiles/CMakeTmp

Run Build Command(s):/usr/bin/make cmTC_7b663/fast 
/usr/bin/make -f CMakeFiles/cmTC_7b663.dir/build.make CMakeFiles/cmTC_7b663.dir/build
make[1]: Entering directory '/mnt/wd_ubuntu_data_mnt/research/graph_store/build/CMakeFiles/CMakeTmp'
Building CXX object CMakeFiles/cmTC_7b663.dir/feature_tests.cxx.o
/usr/bin/g++    -std=c++98 -o CMakeFiles/cmTC_7b663.dir/feature_tests.cxx.o -c /mnt/wd_ubuntu_data_mnt/research/graph_store/build/CMakeFiles/feature_tests.cxx
Linking CXX executable cmTC_7b663
/usr/local/bin/cmake -E cmake_link_script CMakeFiles/cmTC_7b663.dir/link.txt --verbose=1
/usr/bin/g++       CMakeFiles/cmTC_7b663.dir/feature_tests.cxx.o  -o cmTC_7b663 
make[1]: Leaving directory '/mnt/wd_ubuntu_data_mnt/research/graph_store/build/CMakeFiles/CMakeTmp'


    Feature record: CXX_FEATURE:0cxx_aggregate_default_initializers
    Feature record: CXX_FEATURE:0cxx_alias_templates
    Feature record: CXX_FEATURE:0cxx_alignas
    Feature record: CXX_FEATURE:0cxx_alignof
    Feature record: CXX_FEATURE:0cxx_attributes
    Feature record: CXX_FEATURE:0cxx_attribute_deprecated
    Feature record: CXX_FEATURE:0cxx_auto_type
    Feature record: CXX_FEATURE:0cxx_binary_literals
    Feature record: CXX_FEATURE:0cxx_constexpr
    Feature record: CXX_FEATURE:0cxx_contextual_conversions
    Feature record: CXX_FEATURE:0cxx_decltype
    Feature record: CXX_FEATURE:0cxx_decltype_auto
    Feature record: CXX_FEATURE:0cxx_decltype_incomplete_return_types
    Feature record: CXX_FEATURE:0cxx_default_function_template_args
    Feature record: CXX_FEATURE:0cxx_defaulted_functions
    Feature record: CXX_FEATURE:0cxx_defaulted_move_initializers
    Feature record: CXX_FEATURE:0cxx_delegating_constructors
    Feature record: CXX_FEATURE:0cxx_deleted_functions
    Feature record: CXX_FEATURE:0cxx_digit_separators
    Feature record: CXX_FEATURE:0cxx_enum_forward_declarations
    Feature record: CXX_FEATURE:0cxx_explicit_conversions
    Feature record: CXX_FEATURE:0cxx_extended_friend_declarations
    Feature record: CXX_FEATURE:0cxx_extern_templates
    Feature record: CXX_FEATURE:0cxx_final
    Feature record: CXX_FEATURE:0cxx_func_identifier
    Feature record: CXX_FEATURE:0cxx_generalized_initializers
    Feature record: CXX_FEATURE:0cxx_generic_lambdas
    Feature record: CXX_FEATURE:0cxx_inheriting_constructors
    Feature record: CXX_FEATURE:0cxx_inline_namespaces
    Feature record: CXX_FEATURE:0cxx_lambdas
    Feature record: CXX_FEATURE:0cxx_lambda_init_captures
    Feature record: CXX_FEATURE:0cxx_local_type_template_args
    Feature record: CXX_FEATURE:0cxx_long_long_type
    Feature record: CXX_FEATURE:0cxx_noexcept
    Feature record: CXX_FEATURE:0cxx_nonstatic_member_init
    Feature record: CXX_FEATURE:0cxx_nullptr
    Feature record: CXX_FEATURE:0cxx_override
    Feature record: CXX_FEATURE:0cxx_range_for
    Feature record: CXX_FEATURE:0cxx_raw_string_literals
    Feature record: CXX_FEATURE:0cxx_reference_qualified_functions
    Feature record: CXX_FEATURE:0cxx_relaxed_constexpr
    Feature record: CXX_FEATURE:0cxx_return_type_deduction
    Feature record: CXX_FEATURE:0cxx_right_angle_brackets
    Feature record: CXX_FEATURE:0cxx_rvalue_references
    Feature record: CXX_FEATURE:0cxx_sizeof_member
    Feature record: CXX_FEATURE:0cxx_static_assert
    Feature record: CXX_FEATURE:0cxx_strong_enums
    Feature record: CXX_FEATURE:1cxx_template_template_parameters
    Feature record: CXX_FEATURE:0cxx_thread_local
    Feature record: CXX_FEATURE:0cxx_trailing_return_types
    Feature record: CXX_FEATURE:0cxx_unicode_literals
    Feature record: CXX_FEATURE:0cxx_uniform_initialization
    Feature record: CXX_FEATURE:0cxx_unrestricted_unions
    Feature record: CXX_FEATURE:0cxx_user_literals
    Feature record: CXX_FEATURE:0cxx_variable_templates
    Feature record: CXX_FEATURE:0cxx_variadic_macros
    Feature record: CXX_FEATURE:0cxx_variadic_templates
